,number,value,datetime_start,datetime_complete,duration,params_C,params_epsilon,params_kernel,system_attrs_grid_id,system_attrs_search_space,state
0,0,0.37478116716416543,2024-07-20 13:12:22.517932,2024-07-20 13:12:23.430924,0 days 00:00:00.912992,0.001,1.0,linear,0,"{'C': [0.001, 0.005179474679231213, 0.02682695795279726, 0.13894954943731375, 0.7196856730011522, 3.7275937203149416, 19.306977288832496, 100.0], 'epsilon': [0.0001, 0.001, 0.01, 0.1, 1.0, 10.0], 'kernel': ['linear']}",COMPLETE
1,1,0.27818388579868103,2024-07-20 13:12:23.552645,2024-07-20 13:12:36.337164,0 days 00:00:12.784519,0.001,0.1,linear,1,"{'C': [0.001, 0.005179474679231213, 0.02682695795279726, 0.13894954943731375, 0.7196856730011522, 3.7275937203149416, 19.306977288832496, 100.0], 'epsilon': [0.0001, 0.001, 0.01, 0.1, 1.0, 10.0], 'kernel': ['linear']}",COMPLETE
2,2,,2024-07-20 13:12:36.481753,2024-07-20 13:14:36.694061,0 days 00:02:00.212308,3.7275937203149416,0.1,linear,2,"{'C': [0.001, 0.005179474679231213, 0.02682695795279726, 0.13894954943731375, 0.7196856730011522, 3.7275937203149416, 19.306977288832496, 100.0], 'epsilon': [0.0001, 0.001, 0.01, 0.1, 1.0, 10.0], 'kernel': ['linear']}",FAIL
3,3,0.25730769602860787,2024-07-20 13:14:36.772522,2024-07-20 13:15:27.884128,0 days 00:00:51.111606,0.13894954943731375,0.1,linear,3,"{'C': [0.001, 0.005179474679231213, 0.02682695795279726, 0.13894954943731375, 0.7196856730011522, 3.7275937203149416, 19.306977288832496, 100.0], 'epsilon': [0.0001, 0.001, 0.01, 0.1, 1.0, 10.0], 'kernel': ['linear']}",COMPLETE
4,4,15.354493956355276,2024-07-20 13:15:27.952013,2024-07-20 13:15:28.168019,0 days 00:00:00.216006,0.7196856730011522,10.0,linear,4,"{'C': [0.001, 0.005179474679231213, 0.02682695795279726, 0.13894954943731375, 0.7196856730011522, 3.7275937203149416, 19.306977288832496, 100.0], 'epsilon': [0.0001, 0.001, 0.01, 0.1, 1.0, 10.0], 'kernel': ['linear']}",COMPLETE
5,5,15.354493956355276,2024-07-20 13:15:28.236074,2024-07-20 13:15:28.461712,0 days 00:00:00.225638,19.306977288832496,10.0,linear,5,"{'C': [0.001, 0.005179474679231213, 0.02682695795279726, 0.13894954943731375, 0.7196856730011522, 3.7275937203149416, 19.306977288832496, 100.0], 'epsilon': [0.0001, 0.001, 0.01, 0.1, 1.0, 10.0], 'kernel': ['linear']}",COMPLETE
6,6,,2024-07-20 13:15:28.523253,2024-07-20 13:17:28.772133,0 days 00:02:00.248880,19.306977288832496,0.001,linear,6,"{'C': [0.001, 0.005179474679231213, 0.02682695795279726, 0.13894954943731375, 0.7196856730011522, 3.7275937203149416, 19.306977288832496, 100.0], 'epsilon': [0.0001, 0.001, 0.01, 0.1, 1.0, 10.0], 'kernel': ['linear']}",FAIL
7,7,0.2803215236989071,2024-07-20 13:17:28.866918,2024-07-20 13:17:54.844185,0 days 00:00:25.977267,0.001,0.01,linear,7,"{'C': [0.001, 0.005179474679231213, 0.02682695795279726, 0.13894954943731375, 0.7196856730011522, 3.7275937203149416, 19.306977288832496, 100.0], 'epsilon': [0.0001, 0.001, 0.01, 0.1, 1.0, 10.0], 'kernel': ['linear']}",COMPLETE
8,8,0.25962032381880235,2024-07-20 13:17:54.966642,2024-07-20 13:18:39.086462,0 days 00:00:44.119820,0.02682695795279726,0.01,linear,8,"{'C': [0.001, 0.005179474679231213, 0.02682695795279726, 0.13894954943731375, 0.7196856730011522, 3.7275937203149416, 19.306977288832496, 100.0], 'epsilon': [0.0001, 0.001, 0.01, 0.1, 1.0, 10.0], 'kernel': ['linear']}",COMPLETE
9,9,,2024-07-20 13:18:39.267195,2024-07-20 13:20:39.618925,0 days 00:02:00.351730,19.306977288832496,0.1,linear,9,"{'C': [0.001, 0.005179474679231213, 0.02682695795279726, 0.13894954943731375, 0.7196856730011522, 3.7275937203149416, 19.306977288832496, 100.0], 'epsilon': [0.0001, 0.001, 0.01, 0.1, 1.0, 10.0], 'kernel': ['linear']}",FAIL
10,10,,2024-07-20 13:20:39.735742,2024-07-20 13:22:40.129779,0 days 00:02:00.394037,0.7196856730011522,0.0001,linear,10,"{'C': [0.001, 0.005179474679231213, 0.02682695795279726, 0.13894954943731375, 0.7196856730011522, 3.7275937203149416, 19.306977288832496, 100.0], 'epsilon': [0.0001, 0.001, 0.01, 0.1, 1.0, 10.0], 'kernel': ['linear']}",FAIL
11,11,15.354493956355276,2024-07-20 13:22:40.297844,2024-07-20 13:22:41.119041,0 days 00:00:00.821197,0.02682695795279726,10.0,linear,11,"{'C': [0.001, 0.005179474679231213, 0.02682695795279726, 0.13894954943731375, 0.7196856730011522, 3.7275937203149416, 19.306977288832496, 100.0], 'epsilon': [0.0001, 0.001, 0.01, 0.1, 1.0, 10.0], 'kernel': ['linear']}",COMPLETE
12,12,15.354493956355276,2024-07-20 13:22:41.458830,2024-07-20 13:22:42.580611,0 days 00:00:01.121781,0.005179474679231213,10.0,linear,12,"{'C': [0.001, 0.005179474679231213, 0.02682695795279726, 0.13894954943731375, 0.7196856730011522, 3.7275937203149416, 19.306977288832496, 100.0], 'epsilon': [0.0001, 0.001, 0.01, 0.1, 1.0, 10.0], 'kernel': ['linear']}",COMPLETE
13,13,,2024-07-20 13:22:42.901466,2024-07-20 13:24:43.639964,0 days 00:02:00.738498,3.7275937203149416,1.0,linear,13,"{'C': [0.001, 0.005179474679231213, 0.02682695795279726, 0.13894954943731375, 0.7196856730011522, 3.7275937203149416, 19.306977288832496, 100.0], 'epsilon': [0.0001, 0.001, 0.01, 0.1, 1.0, 10.0], 'kernel': ['linear']}",FAIL
14,14,,2024-07-20 13:24:43.805634,2024-07-20 13:25:37.257860,0 days 00:00:53.452226,0.7196856730011522,0.001,linear,14,"{'C': [0.001, 0.005179474679231213, 0.02682695795279726, 0.13894954943731375, 0.7196856730011522, 3.7275937203149416, 19.306977288832496, 100.0], 'epsilon': [0.0001, 0.001, 0.01, 0.1, 1.0, 10.0], 'kernel': ['linear']}",FAIL
15,15,,2024-07-20 13:30:14.411294,2024-07-20 13:32:14.777763,0 days 00:02:00.366469,100.0,1.0,linear,15,"{'C': [0.001, 0.005179474679231213, 0.02682695795279726, 0.13894954943731375, 0.7196856730011522, 3.7275937203149416, 19.306977288832496, 100.0], 'epsilon': [0.0001, 0.001, 0.01, 0.1, 1.0, 10.0], 'kernel': ['linear']}",FAIL
16,16,,2024-07-20 13:32:14.867445,2024-07-20 13:34:15.173913,0 days 00:02:00.306468,19.306977288832496,0.1,linear,16,"{'C': [0.001, 0.005179474679231213, 0.02682695795279726, 0.13894954943731375, 0.7196856730011522, 3.7275937203149416, 19.306977288832496, 100.0], 'epsilon': [0.0001, 0.001, 0.01, 0.1, 1.0, 10.0], 'kernel': ['linear']}",FAIL
17,17,,2024-07-20 13:34:15.325652,2024-07-20 13:36:15.785143,0 days 00:02:00.459491,100.0,0.1,linear,17,"{'C': [0.001, 0.005179474679231213, 0.02682695795279726, 0.13894954943731375, 0.7196856730011522, 3.7275937203149416, 19.306977288832496, 100.0], 'epsilon': [0.0001, 0.001, 0.01, 0.1, 1.0, 10.0], 'kernel': ['linear']}",FAIL
18,18,,2024-07-20 13:36:15.917236,2024-07-20 13:38:16.407276,0 days 00:02:00.490040,19.306977288832496,0.0001,linear,18,"{'C': [0.001, 0.005179474679231213, 0.02682695795279726, 0.13894954943731375, 0.7196856730011522, 3.7275937203149416, 19.306977288832496, 100.0], 'epsilon': [0.0001, 0.001, 0.01, 0.1, 1.0, 10.0], 'kernel': ['linear']}",FAIL
19,19,,2024-07-20 13:38:16.538212,2024-07-20 13:40:17.089058,0 days 00:02:00.550846,0.13894954943731375,0.01,linear,19,"{'C': [0.001, 0.005179474679231213, 0.02682695795279726, 0.13894954943731375, 0.7196856730011522, 3.7275937203149416, 19.306977288832496, 100.0], 'epsilon': [0.0001, 0.001, 0.01, 0.1, 1.0, 10.0], 'kernel': ['linear']}",FAIL
20,20,0.2803958953999147,2024-07-20 13:40:17.429282,2024-07-20 13:41:09.135260,0 days 00:00:51.705978,0.001,0.001,linear,20,"{'C': [0.001, 0.005179474679231213, 0.02682695795279726, 0.13894954943731375, 0.7196856730011522, 3.7275937203149416, 19.306977288832496, 100.0], 'epsilon': [0.0001, 0.001, 0.01, 0.1, 1.0, 10.0], 'kernel': ['linear']}",COMPLETE
21,21,0.26402825037890754,2024-07-20 13:41:09.354146,2024-07-20 13:41:58.805434,0 days 00:00:49.451288,0.005179474679231213,0.001,linear,21,"{'C': [0.001, 0.005179474679231213, 0.02682695795279726, 0.13894954943731375, 0.7196856730011522, 3.7275937203149416, 19.306977288832496, 100.0], 'epsilon': [0.0001, 0.001, 0.01, 0.1, 1.0, 10.0], 'kernel': ['linear']}",COMPLETE
22,22,,2024-07-20 13:41:58.955774,2024-07-20 13:43:59.388931,0 days 00:02:00.433157,0.13894954943731375,0.0001,linear,22,"{'C': [0.001, 0.005179474679231213, 0.02682695795279726, 0.13894954943731375, 0.7196856730011522, 3.7275937203149416, 19.306977288832496, 100.0], 'epsilon': [0.0001, 0.001, 0.01, 0.1, 1.0, 10.0], 'kernel': ['linear']}",FAIL
23,23,0.25958099338247687,2024-07-20 13:43:59.512851,2024-07-20 13:45:27.482826,0 days 00:01:27.969975,0.02682695795279726,0.001,linear,23,"{'C': [0.001, 0.005179474679231213, 0.02682695795279726, 0.13894954943731375, 0.7196856730011522, 3.7275937203149416, 19.306977288832496, 100.0], 'epsilon': [0.0001, 0.001, 0.01, 0.1, 1.0, 10.0], 'kernel': ['linear']}",COMPLETE
24,24,,2024-07-20 13:45:27.739614,2024-07-20 13:47:28.242846,0 days 00:02:00.503232,3.7275937203149416,1.0,linear,24,"{'C': [0.001, 0.005179474679231213, 0.02682695795279726, 0.13894954943731375, 0.7196856730011522, 3.7275937203149416, 19.306977288832496, 100.0], 'epsilon': [0.0001, 0.001, 0.01, 0.1, 1.0, 10.0], 'kernel': ['linear']}",FAIL
25,25,,2024-07-20 13:47:28.468858,2024-07-20 13:49:29.468555,0 days 00:02:00.999697,0.13894954943731375,0.1,linear,25,"{'C': [0.001, 0.005179474679231213, 0.02682695795279726, 0.13894954943731375, 0.7196856730011522, 3.7275937203149416, 19.306977288832496, 100.0], 'epsilon': [0.0001, 0.001, 0.01, 0.1, 1.0, 10.0], 'kernel': ['linear']}",FAIL
26,26,,2024-07-20 13:49:29.643862,2024-07-20 13:50:44.763936,0 days 00:01:15.120074,100.0,0.0001,linear,26,"{'C': [0.001, 0.005179474679231213, 0.02682695795279726, 0.13894954943731375, 0.7196856730011522, 3.7275937203149416, 19.306977288832496, 100.0], 'epsilon': [0.0001, 0.001, 0.01, 0.1, 1.0, 10.0], 'kernel': ['linear']}",FAIL
27,27,,2024-07-20 13:51:22.874954,2024-07-20 13:53:23.221728,0 days 00:02:00.346774,100.0,0.0001,linear,27,"{'C': [0.001, 0.005179474679231213, 0.02682695795279726, 0.13894954943731375, 0.7196856730011522, 3.7275937203149416, 19.306977288832496, 100.0], 'epsilon': [0.0001, 0.001, 0.01, 0.1, 1.0, 10.0], 'kernel': ['linear']}",FAIL
28,28,,2024-07-20 13:53:23.313471,2024-07-20 13:55:23.615962,0 days 00:02:00.302491,100.0,0.001,linear,28,"{'C': [0.001, 0.005179474679231213, 0.02682695795279726, 0.13894954943731375, 0.7196856730011522, 3.7275937203149416, 19.306977288832496, 100.0], 'epsilon': [0.0001, 0.001, 0.01, 0.1, 1.0, 10.0], 'kernel': ['linear']}",FAIL
29,29,15.354493956355276,2024-07-20 13:55:23.718590,2024-07-20 13:55:24.127113,0 days 00:00:00.408523,100.0,10.0,linear,29,"{'C': [0.001, 0.005179474679231213, 0.02682695795279726, 0.13894954943731375, 0.7196856730011522, 3.7275937203149416, 19.306977288832496, 100.0], 'epsilon': [0.0001, 0.001, 0.01, 0.1, 1.0, 10.0], 'kernel': ['linear']}",COMPLETE
30,30,,2024-07-20 13:55:24.247122,2024-07-20 13:57:24.642725,0 days 00:02:00.395603,0.13894954943731375,0.001,linear,30,"{'C': [0.001, 0.005179474679231213, 0.02682695795279726, 0.13894954943731375, 0.7196856730011522, 3.7275937203149416, 19.306977288832496, 100.0], 'epsilon': [0.0001, 0.001, 0.01, 0.1, 1.0, 10.0], 'kernel': ['linear']}",FAIL
31,31,0.2812068838884735,2024-07-20 13:57:24.842826,2024-07-20 13:57:37.245777,0 days 00:00:12.402951,0.7196856730011522,1.0,linear,31,"{'C': [0.001, 0.005179474679231213, 0.02682695795279726, 0.13894954943731375, 0.7196856730011522, 3.7275937203149416, 19.306977288832496, 100.0], 'epsilon': [0.0001, 0.001, 0.01, 0.1, 1.0, 10.0], 'kernel': ['linear']}",COMPLETE
32,32,0.25969858066718765,2024-07-20 13:57:37.376275,2024-07-20 13:58:22.601805,0 days 00:00:45.225530,0.02682695795279726,0.001,linear,32,"{'C': [0.001, 0.005179474679231213, 0.02682695795279726, 0.13894954943731375, 0.7196856730011522, 3.7275937203149416, 19.306977288832496, 100.0], 'epsilon': [0.0001, 0.001, 0.01, 0.1, 1.0, 10.0], 'kernel': ['linear']}",COMPLETE
33,33,15.354493956355276,2024-07-20 13:58:22.692187,2024-07-20 13:58:23.046621,0 days 00:00:00.354434,19.306977288832496,10.0,linear,33,"{'C': [0.001, 0.005179474679231213, 0.02682695795279726, 0.13894954943731375, 0.7196856730011522, 3.7275937203149416, 19.306977288832496, 100.0], 'epsilon': [0.0001, 0.001, 0.01, 0.1, 1.0, 10.0], 'kernel': ['linear']}",COMPLETE
34,34,0.281740894649079,2024-07-20 13:58:23.172804,2024-07-20 14:00:06.467033,0 days 00:01:43.294229,3.7275937203149416,1.0,linear,34,"{'C': [0.001, 0.005179474679231213, 0.02682695795279726, 0.13894954943731375, 0.7196856730011522, 3.7275937203149416, 19.306977288832496, 100.0], 'epsilon': [0.0001, 0.001, 0.01, 0.1, 1.0, 10.0], 'kernel': ['linear']}",COMPLETE
35,35,,2024-07-20 14:00:06.689757,2024-07-20 14:02:07.125238,0 days 00:02:00.435481,0.7196856730011522,0.01,linear,35,"{'C': [0.001, 0.005179474679231213, 0.02682695795279726, 0.13894954943731375, 0.7196856730011522, 3.7275937203149416, 19.306977288832496, 100.0], 'epsilon': [0.0001, 0.001, 0.01, 0.1, 1.0, 10.0], 'kernel': ['linear']}",FAIL
36,36,15.354493956355276,2024-07-20 14:02:07.285817,2024-07-20 14:02:07.895097,0 days 00:00:00.609280,0.13894954943731375,10.0,linear,36,"{'C': [0.001, 0.005179474679231213, 0.02682695795279726, 0.13894954943731375, 0.7196856730011522, 3.7275937203149416, 19.306977288832496, 100.0], 'epsilon': [0.0001, 0.001, 0.01, 0.1, 1.0, 10.0], 'kernel': ['linear']}",COMPLETE
37,37,0.26412168903648187,2024-07-20 14:02:08.132662,2024-07-20 14:02:45.847038,0 days 00:00:37.714376,0.005179474679231213,0.001,linear,37,"{'C': [0.001, 0.005179474679231213, 0.02682695795279726, 0.13894954943731375, 0.7196856730011522, 3.7275937203149416, 19.306977288832496, 100.0], 'epsilon': [0.0001, 0.001, 0.01, 0.1, 1.0, 10.0], 'kernel': ['linear']}",COMPLETE
38,38,,2024-07-20 14:02:46.044864,2024-07-20 14:04:46.513015,0 days 00:02:00.468151,100.0,0.01,linear,38,"{'C': [0.001, 0.005179474679231213, 0.02682695795279726, 0.13894954943731375, 0.7196856730011522, 3.7275937203149416, 19.306977288832496, 100.0], 'epsilon': [0.0001, 0.001, 0.01, 0.1, 1.0, 10.0], 'kernel': ['linear']}",FAIL
39,39,0.2797170462620037,2024-07-20 14:04:46.793213,2024-07-20 14:04:54.108671,0 days 00:00:07.315458,0.13894954943731375,1.0,linear,39,"{'C': [0.001, 0.005179474679231213, 0.02682695795279726, 0.13894954943731375, 0.7196856730011522, 3.7275937203149416, 19.306977288832496, 100.0], 'epsilon': [0.0001, 0.001, 0.01, 0.1, 1.0, 10.0], 'kernel': ['linear']}",COMPLETE
40,40,,2024-07-20 14:04:54.238258,2024-07-20 14:06:54.759005,0 days 00:02:00.520747,3.7275937203149416,0.0001,linear,40,"{'C': [0.001, 0.005179474679231213, 0.02682695795279726, 0.13894954943731375, 0.7196856730011522, 3.7275937203149416, 19.306977288832496, 100.0], 'epsilon': [0.0001, 0.001, 0.01, 0.1, 1.0, 10.0], 'kernel': ['linear']}",FAIL
41,41,15.354493956355276,2024-07-20 14:06:55.015830,2024-07-20 14:06:56.081953,0 days 00:00:01.066123,0.001,10.0,linear,41,"{'C': [0.001, 0.005179474679231213, 0.02682695795279726, 0.13894954943731375, 0.7196856730011522, 3.7275937203149416, 19.306977288832496, 100.0], 'epsilon': [0.0001, 0.001, 0.01, 0.1, 1.0, 10.0], 'kernel': ['linear']}",COMPLETE
42,42,,2024-07-20 14:06:56.508070,2024-07-20 14:08:57.210791,0 days 00:02:00.702721,0.13894954943731375,0.0001,linear,42,"{'C': [0.001, 0.005179474679231213, 0.02682695795279726, 0.13894954943731375, 0.7196856730011522, 3.7275937203149416, 19.306977288832496, 100.0], 'epsilon': [0.0001, 0.001, 0.01, 0.1, 1.0, 10.0], 'kernel': ['linear']}",FAIL
43,43,0.26453346395596805,2024-07-20 14:08:57.484854,2024-07-20 14:10:04.891768,0 days 00:01:07.406914,0.005179474679231213,0.01,linear,43,"{'C': [0.001, 0.005179474679231213, 0.02682695795279726, 0.13894954943731375, 0.7196856730011522, 3.7275937203149416, 19.306977288832496, 100.0], 'epsilon': [0.0001, 0.001, 0.01, 0.1, 1.0, 10.0], 'kernel': ['linear']}",COMPLETE
44,44,,2024-07-20 14:10:05.090779,2024-07-20 14:12:05.655385,0 days 00:02:00.564606,0.13894954943731375,0.1,linear,44,"{'C': [0.001, 0.005179474679231213, 0.02682695795279726, 0.13894954943731375, 0.7196856730011522, 3.7275937203149416, 19.306977288832496, 100.0], 'epsilon': [0.0001, 0.001, 0.01, 0.1, 1.0, 10.0], 'kernel': ['linear']}",FAIL
45,45,,2024-07-20 14:12:05.843825,2024-07-20 14:14:06.511841,0 days 00:02:00.668016,0.13894954943731375,0.01,linear,45,"{'C': [0.001, 0.005179474679231213, 0.02682695795279726, 0.13894954943731375, 0.7196856730011522, 3.7275937203149416, 19.306977288832496, 100.0], 'epsilon': [0.0001, 0.001, 0.01, 0.1, 1.0, 10.0], 'kernel': ['linear']}",FAIL
46,46,,2024-07-20 14:14:06.823738,2024-07-20 14:16:07.500182,0 days 00:02:00.676444,100.0,1.0,linear,46,"{'C': [0.001, 0.005179474679231213, 0.02682695795279726, 0.13894954943731375, 0.7196856730011522, 3.7275937203149416, 19.306977288832496, 100.0], 'epsilon': [0.0001, 0.001, 0.01, 0.1, 1.0, 10.0], 'kernel': ['linear']}",FAIL
47,47,,2024-07-20 14:16:07.655146,2024-07-20 14:18:08.213041,0 days 00:02:00.557895,3.7275937203149416,0.1,linear,47,"{'C': [0.001, 0.005179474679231213, 0.02682695795279726, 0.13894954943731375, 0.7196856730011522, 3.7275937203149416, 19.306977288832496, 100.0], 'epsilon': [0.0001, 0.001, 0.01, 0.1, 1.0, 10.0], 'kernel': ['linear']}",FAIL
