,number,value,datetime_start,datetime_complete,duration,params_C,params_coef0,params_degree,params_epsilon,params_gamma,params_kernel,system_attrs_grid_id,system_attrs_search_space,state
0,0,,2024-07-20 15:14:25.761847,2024-07-20 15:16:27.647387,0 days 00:02:01.885540,1000.0,1.0,4,0.31622776601683794,scale,poly,0,"{'C': [0.001, 1.0, 1000.0], 'coef0': [0.1, 1], 'degree': [3, 4, 5], 'epsilon': [0.01, 0.31622776601683794, 10.0], 'gamma': ['scale'], 'kernel': ['poly']}",FAIL
1,1,2.03828683298109,2024-07-20 15:16:27.884913,2024-07-20 15:17:23.107117,0 days 00:00:55.222204,1.0,1.0,4,0.31622776601683794,scale,poly,1,"{'C': [0.001, 1.0, 1000.0], 'coef0': [0.1, 1], 'degree': [3, 4, 5], 'epsilon': [0.01, 0.31622776601683794, 10.0], 'gamma': ['scale'], 'kernel': ['poly']}",COMPLETE
2,2,15.354493956355276,2024-07-20 15:17:23.532824,2024-07-20 15:17:24.709808,0 days 00:00:01.176984,1.0,1.0,4,10.0,scale,poly,2,"{'C': [0.001, 1.0, 1000.0], 'coef0': [0.1, 1], 'degree': [3, 4, 5], 'epsilon': [0.01, 0.31622776601683794, 10.0], 'gamma': ['scale'], 'kernel': ['poly']}",COMPLETE
3,3,15.354493956355276,2024-07-20 15:17:25.029852,2024-07-20 15:17:26.009978,0 days 00:00:00.980126,1000.0,0.1,3,10.0,scale,poly,3,"{'C': [0.001, 1.0, 1000.0], 'coef0': [0.1, 1], 'degree': [3, 4, 5], 'epsilon': [0.01, 0.31622776601683794, 10.0], 'gamma': ['scale'], 'kernel': ['poly']}",COMPLETE
4,4,5.388334412729042,2024-07-20 15:17:26.330709,2024-07-20 15:18:14.346231,0 days 00:00:48.015522,1.0,1.0,5,0.31622776601683794,scale,poly,4,"{'C': [0.001, 1.0, 1000.0], 'coef0': [0.1, 1], 'degree': [3, 4, 5], 'epsilon': [0.01, 0.31622776601683794, 10.0], 'gamma': ['scale'], 'kernel': ['poly']}",COMPLETE
5,5,15.354493956355276,2024-07-20 15:18:14.681483,2024-07-20 15:18:15.788041,0 days 00:00:01.106558,1000.0,1.0,5,10.0,scale,poly,5,"{'C': [0.001, 1.0, 1000.0], 'coef0': [0.1, 1], 'degree': [3, 4, 5], 'epsilon': [0.01, 0.31622776601683794, 10.0], 'gamma': ['scale'], 'kernel': ['poly']}",COMPLETE
6,6,,2024-07-20 15:18:16.179069,2024-07-20 15:20:17.237696,0 days 00:02:01.058627,1000.0,1.0,5,0.01,scale,poly,6,"{'C': [0.001, 1.0, 1000.0], 'coef0': [0.1, 1], 'degree': [3, 4, 5], 'epsilon': [0.01, 0.31622776601683794, 10.0], 'gamma': ['scale'], 'kernel': ['poly']}",FAIL
7,7,0.3510428906729245,2024-07-20 15:20:17.444838,2024-07-20 15:21:43.497161,0 days 00:01:26.052323,0.001,1.0,3,0.01,scale,poly,7,"{'C': [0.001, 1.0, 1000.0], 'coef0': [0.1, 1], 'degree': [3, 4, 5], 'epsilon': [0.01, 0.31622776601683794, 10.0], 'gamma': ['scale'], 'kernel': ['poly']}",COMPLETE
8,8,,2024-07-20 15:21:43.933640,2024-07-20 15:23:45.023847,0 days 00:02:01.090207,1.0,1.0,3,0.01,scale,poly,8,"{'C': [0.001, 1.0, 1000.0], 'coef0': [0.1, 1], 'degree': [3, 4, 5], 'epsilon': [0.01, 0.31622776601683794, 10.0], 'gamma': ['scale'], 'kernel': ['poly']}",FAIL
9,9,,2024-07-20 15:23:45.410614,2024-07-20 15:25:47.064346,0 days 00:02:01.653732,1000.0,1.0,3,0.01,scale,poly,9,"{'C': [0.001, 1.0, 1000.0], 'coef0': [0.1, 1], 'degree': [3, 4, 5], 'epsilon': [0.01, 0.31622776601683794, 10.0], 'gamma': ['scale'], 'kernel': ['poly']}",FAIL
10,10,24.270832762005906,2024-07-20 15:25:47.313971,2024-07-20 15:27:40.450990,0 days 00:01:53.137019,1000.0,0.1,4,0.31622776601683794,scale,poly,10,"{'C': [0.001, 1.0, 1000.0], 'coef0': [0.1, 1], 'degree': [3, 4, 5], 'epsilon': [0.01, 0.31622776601683794, 10.0], 'gamma': ['scale'], 'kernel': ['poly']}",COMPLETE
11,11,15.354493956355276,2024-07-20 15:27:41.095770,2024-07-20 15:27:43.017731,0 days 00:00:01.921961,1.0,0.1,5,10.0,scale,poly,11,"{'C': [0.001, 1.0, 1000.0], 'coef0': [0.1, 1], 'degree': [3, 4, 5], 'epsilon': [0.01, 0.31622776601683794, 10.0], 'gamma': ['scale'], 'kernel': ['poly']}",COMPLETE
12,12,,2024-07-20 15:27:43.632860,2024-07-20 15:29:45.354774,0 days 00:02:01.721914,1000.0,0.1,3,0.01,scale,poly,12,"{'C': [0.001, 1.0, 1000.0], 'coef0': [0.1, 1], 'degree': [3, 4, 5], 'epsilon': [0.01, 0.31622776601683794, 10.0], 'gamma': ['scale'], 'kernel': ['poly']}",FAIL
13,13,,2024-07-20 15:29:45.786734,2024-07-20 15:31:47.656134,0 days 00:02:01.869400,1.0,1.0,4,0.01,scale,poly,13,"{'C': [0.001, 1.0, 1000.0], 'coef0': [0.1, 1], 'degree': [3, 4, 5], 'epsilon': [0.01, 0.31622776601683794, 10.0], 'gamma': ['scale'], 'kernel': ['poly']}",FAIL
14,14,15.354493956355276,2024-07-20 15:31:47.876771,2024-07-20 15:31:49.221033,0 days 00:00:01.344262,1000.0,0.1,4,10.0,scale,poly,14,"{'C': [0.001, 1.0, 1000.0], 'coef0': [0.1, 1], 'degree': [3, 4, 5], 'epsilon': [0.01, 0.31622776601683794, 10.0], 'gamma': ['scale'], 'kernel': ['poly']}",COMPLETE
15,15,1.5730721053732386,2024-07-20 15:31:49.687709,2024-07-20 15:33:35.037029,0 days 00:01:45.349320,0.001,0.1,5,0.01,scale,poly,15,"{'C': [0.001, 1.0, 1000.0], 'coef0': [0.1, 1], 'degree': [3, 4, 5], 'epsilon': [0.01, 0.31622776601683794, 10.0], 'gamma': ['scale'], 'kernel': ['poly']}",COMPLETE
16,16,,2024-07-20 15:33:35.740696,2024-07-20 15:35:37.063806,0 days 00:02:01.323110,1000.0,0.1,3,0.31622776601683794,scale,poly,16,"{'C': [0.001, 1.0, 1000.0], 'coef0': [0.1, 1], 'degree': [3, 4, 5], 'epsilon': [0.01, 0.31622776601683794, 10.0], 'gamma': ['scale'], 'kernel': ['poly']}",FAIL
17,17,0.7392197072557807,2024-07-20 15:35:37.386804,2024-07-20 15:36:36.259157,0 days 00:00:58.872353,0.001,0.1,3,0.31622776601683794,scale,poly,17,"{'C': [0.001, 1.0, 1000.0], 'coef0': [0.1, 1], 'degree': [3, 4, 5], 'epsilon': [0.01, 0.31622776601683794, 10.0], 'gamma': ['scale'], 'kernel': ['poly']}",COMPLETE
18,18,15.354493956355276,2024-07-20 15:36:36.637830,2024-07-20 15:36:37.810966,0 days 00:00:01.173136,0.001,0.1,4,10.0,scale,poly,18,"{'C': [0.001, 1.0, 1000.0], 'coef0': [0.1, 1], 'degree': [3, 4, 5], 'epsilon': [0.01, 0.31622776601683794, 10.0], 'gamma': ['scale'], 'kernel': ['poly']}",COMPLETE
19,19,0.37024566421464633,2024-07-20 15:36:38.052002,2024-07-20 15:37:11.962538,0 days 00:00:33.910536,0.001,1.0,3,0.31622776601683794,scale,poly,19,"{'C': [0.001, 1.0, 1000.0], 'coef0': [0.1, 1], 'degree': [3, 4, 5], 'epsilon': [0.01, 0.31622776601683794, 10.0], 'gamma': ['scale'], 'kernel': ['poly']}",COMPLETE
20,20,15.354493956355276,2024-07-20 15:37:12.306550,2024-07-20 15:37:13.440058,0 days 00:00:01.133508,1.0,0.1,4,10.0,scale,poly,20,"{'C': [0.001, 1.0, 1000.0], 'coef0': [0.1, 1], 'degree': [3, 4, 5], 'epsilon': [0.01, 0.31622776601683794, 10.0], 'gamma': ['scale'], 'kernel': ['poly']}",COMPLETE
21,21,1.4808076832216162,2024-07-20 15:37:13.770355,2024-07-20 15:38:07.424738,0 days 00:00:53.654383,0.001,0.1,5,0.31622776601683794,scale,poly,21,"{'C': [0.001, 1.0, 1000.0], 'coef0': [0.1, 1], 'degree': [3, 4, 5], 'epsilon': [0.01, 0.31622776601683794, 10.0], 'gamma': ['scale'], 'kernel': ['poly']}",COMPLETE
22,22,0.376860330687938,2024-07-20 15:38:07.730383,2024-07-20 15:38:31.126976,0 days 00:00:23.396593,0.001,1.0,4,0.31622776601683794,scale,poly,22,"{'C': [0.001, 1.0, 1000.0], 'coef0': [0.1, 1], 'degree': [3, 4, 5], 'epsilon': [0.01, 0.31622776601683794, 10.0], 'gamma': ['scale'], 'kernel': ['poly']}",COMPLETE
23,23,15.354493956355276,2024-07-20 15:38:31.471705,2024-07-20 15:38:32.469794,0 days 00:00:00.998089,1000.0,0.1,5,10.0,scale,poly,23,"{'C': [0.001, 1.0, 1000.0], 'coef0': [0.1, 1], 'degree': [3, 4, 5], 'epsilon': [0.01, 0.31622776601683794, 10.0], 'gamma': ['scale'], 'kernel': ['poly']}",COMPLETE
24,24,6.875480920290704,2024-07-20 15:38:32.781819,2024-07-20 15:39:04.173070,0 days 00:00:31.391251,1.0,0.1,4,0.31622776601683794,scale,poly,24,"{'C': [0.001, 1.0, 1000.0], 'coef0': [0.1, 1], 'degree': [3, 4, 5], 'epsilon': [0.01, 0.31622776601683794, 10.0], 'gamma': ['scale'], 'kernel': ['poly']}",COMPLETE
25,25,,2024-07-20 15:39:04.618108,2024-07-20 15:41:06.254095,0 days 00:02:01.635987,1000.0,0.1,5,0.01,scale,poly,25,"{'C': [0.001, 1.0, 1000.0], 'coef0': [0.1, 1], 'degree': [3, 4, 5], 'epsilon': [0.01, 0.31622776601683794, 10.0], 'gamma': ['scale'], 'kernel': ['poly']}",FAIL
26,26,,2024-07-20 15:41:06.481607,2024-07-20 15:43:07.531824,0 days 00:02:01.050217,1000.0,0.1,4,0.01,scale,poly,26,"{'C': [0.001, 1.0, 1000.0], 'coef0': [0.1, 1], 'degree': [3, 4, 5], 'epsilon': [0.01, 0.31622776601683794, 10.0], 'gamma': ['scale'], 'kernel': ['poly']}",FAIL
27,27,15.354493956355276,2024-07-20 15:43:07.787861,2024-07-20 15:43:08.999801,0 days 00:00:01.211940,0.001,1.0,3,10.0,scale,poly,27,"{'C': [0.001, 1.0, 1000.0], 'coef0': [0.1, 1], 'degree': [3, 4, 5], 'epsilon': [0.01, 0.31622776601683794, 10.0], 'gamma': ['scale'], 'kernel': ['poly']}",COMPLETE
28,28,8.754388615753802,2024-07-20 15:43:09.362816,2024-07-20 15:45:04.402818,0 days 00:01:55.040002,1000.0,1.0,5,0.31622776601683794,scale,poly,28,"{'C': [0.001, 1.0, 1000.0], 'coef0': [0.1, 1], 'degree': [3, 4, 5], 'epsilon': [0.01, 0.31622776601683794, 10.0], 'gamma': ['scale'], 'kernel': ['poly']}",COMPLETE
29,29,15.354493956355276,2024-07-20 15:45:04.718828,2024-07-20 15:45:05.930724,0 days 00:00:01.211896,1.0,1.0,3,10.0,scale,poly,29,"{'C': [0.001, 1.0, 1000.0], 'coef0': [0.1, 1], 'degree': [3, 4, 5], 'epsilon': [0.01, 0.31622776601683794, 10.0], 'gamma': ['scale'], 'kernel': ['poly']}",COMPLETE
30,30,15.354493956355276,2024-07-20 15:45:06.262623,2024-07-20 15:45:07.516741,0 days 00:00:01.254118,0.001,1.0,4,10.0,scale,poly,30,"{'C': [0.001, 1.0, 1000.0], 'coef0': [0.1, 1], 'degree': [3, 4, 5], 'epsilon': [0.01, 0.31622776601683794, 10.0], 'gamma': ['scale'], 'kernel': ['poly']}",COMPLETE
31,31,0.3786652893677764,2024-07-20 15:45:07.903531,2024-07-20 15:46:41.414035,0 days 00:01:33.510504,0.001,1.0,4,0.01,scale,poly,31,"{'C': [0.001, 1.0, 1000.0], 'coef0': [0.1, 1], 'degree': [3, 4, 5], 'epsilon': [0.01, 0.31622776601683794, 10.0], 'gamma': ['scale'], 'kernel': ['poly']}",COMPLETE
32,32,15.354493956355276,2024-07-20 15:46:41.833813,2024-07-20 15:46:43.005990,0 days 00:00:01.172177,1000.0,1.0,3,10.0,scale,poly,32,"{'C': [0.001, 1.0, 1000.0], 'coef0': [0.1, 1], 'degree': [3, 4, 5], 'epsilon': [0.01, 0.31622776601683794, 10.0], 'gamma': ['scale'], 'kernel': ['poly']}",COMPLETE
33,33,0.7593936943229146,2024-07-20 15:46:43.508750,2024-07-20 15:48:16.565148,0 days 00:01:33.056398,0.001,0.1,4,0.01,scale,poly,33,"{'C': [0.001, 1.0, 1000.0], 'coef0': [0.1, 1], 'degree': [3, 4, 5], 'epsilon': [0.01, 0.31622776601683794, 10.0], 'gamma': ['scale'], 'kernel': ['poly']}",COMPLETE
34,34,360.6698660398524,2024-07-20 15:48:16.986982,2024-07-20 15:49:38.734241,0 days 00:01:21.747259,1000.0,0.1,5,0.31622776601683794,scale,poly,34,"{'C': [0.001, 1.0, 1000.0], 'coef0': [0.1, 1], 'degree': [3, 4, 5], 'epsilon': [0.01, 0.31622776601683794, 10.0], 'gamma': ['scale'], 'kernel': ['poly']}",COMPLETE
35,35,,2024-07-20 15:49:39.251257,2024-07-20 15:51:41.105856,0 days 00:02:01.854599,1.0,0.1,3,0.01,scale,poly,35,"{'C': [0.001, 1.0, 1000.0], 'coef0': [0.1, 1], 'degree': [3, 4, 5], 'epsilon': [0.01, 0.31622776601683794, 10.0], 'gamma': ['scale'], 'kernel': ['poly']}",FAIL
36,36,15.354493956355276,2024-07-20 15:51:41.406844,2024-07-20 15:51:42.679767,0 days 00:00:01.272923,0.001,0.1,5,10.0,scale,poly,36,"{'C': [0.001, 1.0, 1000.0], 'coef0': [0.1, 1], 'degree': [3, 4, 5], 'epsilon': [0.01, 0.31622776601683794, 10.0], 'gamma': ['scale'], 'kernel': ['poly']}",COMPLETE
37,37,,2024-07-20 15:51:43.035702,2024-07-20 15:53:44.498694,0 days 00:02:01.462992,1.0,0.1,4,0.01,scale,poly,37,"{'C': [0.001, 1.0, 1000.0], 'coef0': [0.1, 1], 'degree': [3, 4, 5], 'epsilon': [0.01, 0.31622776601683794, 10.0], 'gamma': ['scale'], 'kernel': ['poly']}",FAIL
38,38,15.354493956355276,2024-07-20 15:53:44.891835,2024-07-20 15:53:46.300925,0 days 00:00:01.409090,0.001,0.1,3,10.0,scale,poly,38,"{'C': [0.001, 1.0, 1000.0], 'coef0': [0.1, 1], 'degree': [3, 4, 5], 'epsilon': [0.01, 0.31622776601683794, 10.0], 'gamma': ['scale'], 'kernel': ['poly']}",COMPLETE
39,39,141.3452065864182,2024-07-20 15:53:46.766883,2024-07-20 15:54:42.622778,0 days 00:00:55.855895,1.0,0.1,5,0.31622776601683794,scale,poly,39,"{'C': [0.001, 1.0, 1000.0], 'coef0': [0.1, 1], 'degree': [3, 4, 5], 'epsilon': [0.01, 0.31622776601683794, 10.0], 'gamma': ['scale'], 'kernel': ['poly']}",COMPLETE
40,40,15.354493956355276,2024-07-20 15:54:42.900768,2024-07-20 15:54:44.035625,0 days 00:00:01.134857,0.001,1.0,5,10.0,scale,poly,40,"{'C': [0.001, 1.0, 1000.0], 'coef0': [0.1, 1], 'degree': [3, 4, 5], 'epsilon': [0.01, 0.31622776601683794, 10.0], 'gamma': ['scale'], 'kernel': ['poly']}",COMPLETE
41,41,15.354493956355276,2024-07-20 15:54:44.361688,2024-07-20 15:54:46.019970,0 days 00:00:01.658282,1.0,0.1,3,10.0,scale,poly,41,"{'C': [0.001, 1.0, 1000.0], 'coef0': [0.1, 1], 'degree': [3, 4, 5], 'epsilon': [0.01, 0.31622776601683794, 10.0], 'gamma': ['scale'], 'kernel': ['poly']}",COMPLETE
42,42,0.6554186280203608,2024-07-20 15:54:46.589822,2024-07-20 15:56:16.315811,0 days 00:01:29.725989,0.001,1.0,5,0.01,scale,poly,42,"{'C': [0.001, 1.0, 1000.0], 'coef0': [0.1, 1], 'degree': [3, 4, 5], 'epsilon': [0.01, 0.31622776601683794, 10.0], 'gamma': ['scale'], 'kernel': ['poly']}",COMPLETE
43,43,0.7348936659312006,2024-07-20 15:56:16.620692,2024-07-20 15:57:48.946482,0 days 00:01:32.325790,0.001,0.1,3,0.01,scale,poly,43,"{'C': [0.001, 1.0, 1000.0], 'coef0': [0.1, 1], 'degree': [3, 4, 5], 'epsilon': [0.01, 0.31622776601683794, 10.0], 'gamma': ['scale'], 'kernel': ['poly']}",COMPLETE
44,44,1.80862598601556,2024-07-20 15:57:49.305839,2024-07-20 15:58:22.959863,0 days 00:00:33.654024,1.0,0.1,3,0.31622776601683794,scale,poly,44,"{'C': [0.001, 1.0, 1000.0], 'coef0': [0.1, 1], 'degree': [3, 4, 5], 'epsilon': [0.01, 0.31622776601683794, 10.0], 'gamma': ['scale'], 'kernel': ['poly']}",COMPLETE
45,45,0.6191851697276826,2024-07-20 15:58:23.327529,2024-07-20 15:59:10.103772,0 days 00:00:46.776243,1.0,1.0,3,0.31622776601683794,scale,poly,45,"{'C': [0.001, 1.0, 1000.0], 'coef0': [0.1, 1], 'degree': [3, 4, 5], 'epsilon': [0.01, 0.31622776601683794, 10.0], 'gamma': ['scale'], 'kernel': ['poly']}",COMPLETE
46,46,0.7577876683355482,2024-07-20 15:59:10.442792,2024-07-20 16:00:11.616743,0 days 00:01:01.173951,0.001,0.1,4,0.31622776601683794,scale,poly,46,"{'C': [0.001, 1.0, 1000.0], 'coef0': [0.1, 1], 'degree': [3, 4, 5], 'epsilon': [0.01, 0.31622776601683794, 10.0], 'gamma': ['scale'], 'kernel': ['poly']}",COMPLETE
47,47,15.354493956355276,2024-07-20 16:00:11.974720,2024-07-20 16:00:13.244813,0 days 00:00:01.270093,1.0,1.0,5,10.0,scale,poly,47,"{'C': [0.001, 1.0, 1000.0], 'coef0': [0.1, 1], 'degree': [3, 4, 5], 'epsilon': [0.01, 0.31622776601683794, 10.0], 'gamma': ['scale'], 'kernel': ['poly']}",COMPLETE
48,48,0.6153780949123339,2024-07-20 16:00:13.620958,2024-07-20 16:00:39.783005,0 days 00:00:26.162047,0.001,1.0,5,0.31622776601683794,scale,poly,48,"{'C': [0.001, 1.0, 1000.0], 'coef0': [0.1, 1], 'degree': [3, 4, 5], 'epsilon': [0.01, 0.31622776601683794, 10.0], 'gamma': ['scale'], 'kernel': ['poly']}",COMPLETE
49,49,,2024-07-20 16:00:40.320902,2024-07-20 16:02:42.407905,0 days 00:02:02.087003,1.0,1.0,5,0.01,scale,poly,49,"{'C': [0.001, 1.0, 1000.0], 'coef0': [0.1, 1], 'degree': [3, 4, 5], 'epsilon': [0.01, 0.31622776601683794, 10.0], 'gamma': ['scale'], 'kernel': ['poly']}",FAIL
50,50,15.354493956355276,2024-07-20 16:02:42.888200,2024-07-20 16:02:45.198135,0 days 00:00:02.309935,1000.0,1.0,4,10.0,scale,poly,50,"{'C': [0.001, 1.0, 1000.0], 'coef0': [0.1, 1], 'degree': [3, 4, 5], 'epsilon': [0.01, 0.31622776601683794, 10.0], 'gamma': ['scale'], 'kernel': ['poly']}",COMPLETE
51,51,,2024-07-20 16:02:45.823623,2024-07-20 16:04:47.818681,0 days 00:02:01.995058,1000.0,1.0,4,0.01,scale,poly,51,"{'C': [0.001, 1.0, 1000.0], 'coef0': [0.1, 1], 'degree': [3, 4, 5], 'epsilon': [0.01, 0.31622776601683794, 10.0], 'gamma': ['scale'], 'kernel': ['poly']}",FAIL
52,52,,2024-07-20 16:04:48.139361,2024-07-20 16:06:49.603638,0 days 00:02:01.464277,1.0,0.1,5,0.01,scale,poly,52,"{'C': [0.001, 1.0, 1000.0], 'coef0': [0.1, 1], 'degree': [3, 4, 5], 'epsilon': [0.01, 0.31622776601683794, 10.0], 'gamma': ['scale'], 'kernel': ['poly']}",FAIL
53,53,,2024-07-20 16:06:49.870220,2024-07-20 16:08:51.471719,0 days 00:02:01.601499,1000.0,1.0,3,0.31622776601683794,scale,poly,53,"{'C': [0.001, 1.0, 1000.0], 'coef0': [0.1, 1], 'degree': [3, 4, 5], 'epsilon': [0.01, 0.31622776601683794, 10.0], 'gamma': ['scale'], 'kernel': ['poly']}",FAIL
